IPN error: cannot load Order object with cart_id "34" - 2014-08-08 11:47:12
IPN error: cannot load Order object with cart_id "35" - 2014-08-08 11:50:33
Order Object
(
    [id_address_delivery] => 
    [id_address_invoice] => 
    [id_shop_group] => 
    [id_shop] => 
    [id_cart] => 
    [id_currency] => 
    [id_lang] => 
    [id_customer] => 
    [id_carrier] => 
    [current_state] => 
    [secure_key] => 
    [payment] => 
    [module] => 
    [conversion_rate] => 
    [recyclable] => 1
    [gift] => 0
    [gift_message] => 
    [mobile_theme] => 
    [shipping_number] => 
    [total_discounts] => 
    [total_discounts_tax_incl] => 
    [total_discounts_tax_excl] => 
    [total_paid] => 
    [total_paid_tax_incl] => 
    [total_paid_tax_excl] => 
    [total_paid_real] => 
    [total_products] => 
    [total_products_wt] => 
    [total_shipping] => 
    [total_shipping_tax_incl] => 
    [total_shipping_tax_excl] => 
    [carrier_tax_rate] => 
    [total_wrapping] => 
    [total_wrapping_tax_incl] => 
    [total_wrapping_tax_excl] => 
    [invoice_number] => 
    [delivery_number] => 
    [invoice_date] => 
    [delivery_date] => 
    [valid] => 
    [date_add] => 
    [date_upd] => 
    [reference] => 
    [webserviceParameters:protected] => Array
        (
            [objectMethods] => Array
                (
                    [add] => addWs
                )

            [objectNodeName] => order
            [objectsNodeName] => orders
            [fields] => Array
                (
                    [id_address_delivery] => Array
                        (
                            [xlink_resource] => addresses
                        )

                    [id_address_invoice] => Array
                        (
                            [xlink_resource] => addresses
                        )

                    [id_cart] => Array
                        (
                            [xlink_resource] => carts
                        )

                    [id_currency] => Array
                        (
                            [xlink_resource] => currencies
                        )

                    [id_lang] => Array
                        (
                            [xlink_resource] => languages
                        )

                    [id_customer] => Array
                        (
                            [xlink_resource] => customers
                        )

                    [id_carrier] => Array
                        (
                            [xlink_resource] => carriers
                        )

                    [current_state] => Array
                        (
                            [xlink_resource] => order_states
                        )

                    [module] => Array
                        (
                            [required] => 1
                        )

                    [invoice_number] => Array
                        (
                        )

                    [invoice_date] => Array
                        (
                        )

                    [delivery_number] => Array
                        (
                        )

                    [delivery_date] => Array
                        (
                        )

                    [valid] => Array
                        (
                        )

                    [date_add] => Array
                        (
                        )

                    [date_upd] => Array
                        (
                        )

                )

            [associations] => Array
                (
                    [order_rows] => Array
                        (
                            [resource] => order_row
                            [setter] => 
                            [virtual_entity] => 1
                            [fields] => Array
                                (
                                    [id] => Array
                                        (
                                        )

                                    [product_id] => Array
                                        (
                                            [required] => 1
                                        )

                                    [product_attribute_id] => Array
                                        (
                                            [required] => 1
                                        )

                                    [product_quantity] => Array
                                        (
                                            [required] => 1
                                        )

                                    [product_name] => Array
                                        (
                                            [setter] => 
                                        )

                                    [product_reference] => Array
                                        (
                                            [setter] => 
                                        )

                                    [product_ean13] => Array
                                        (
                                            [setter] => 
                                        )

                                    [product_upc] => Array
                                        (
                                            [setter] => 
                                        )

                                    [product_price] => Array
                                        (
                                            [setter] => 
                                        )

                                    [unit_price_tax_incl] => Array
                                        (
                                            [setter] => 
                                        )

                                    [unit_price_tax_excl] => Array
                                        (
                                            [setter] => 
                                        )

                                )

                        )

                )

        )

    [_taxCalculationMethod:protected] => 1
    [id] => 
    [id_shop_list] => 
    [get_shop_from_context:protected] => 1
    [table:protected] => orders
    [identifier:protected] => id_order
    [fieldsRequired:protected] => Array
        (
            [0] => id_address_delivery
            [1] => id_address_invoice
            [2] => id_cart
            [3] => id_currency
            [4] => id_lang
            [5] => id_customer
            [6] => id_carrier
            [7] => payment
            [8] => module
            [9] => total_paid
            [10] => total_paid_real
            [11] => total_products
            [12] => total_products_wt
            [13] => conversion_rate
        )

    [fieldsSize:protected] => Array
        (
        )

    [fieldsValidate:protected] => Array
        (
            [id_address_delivery] => isUnsignedId
            [id_address_invoice] => isUnsignedId
            [id_cart] => isUnsignedId
            [id_currency] => isUnsignedId
            [id_shop_group] => isUnsignedId
            [id_shop] => isUnsignedId
            [id_lang] => isUnsignedId
            [id_customer] => isUnsignedId
            [id_carrier] => isUnsignedId
            [current_state] => isUnsignedId
            [secure_key] => isMd5
            [payment] => isGenericName
            [module] => isModuleName
            [recyclable] => isBool
            [gift] => isBool
            [gift_message] => isMessage
            [mobile_theme] => isBool
            [total_discounts] => isPrice
            [total_discounts_tax_incl] => isPrice
            [total_discounts_tax_excl] => isPrice
            [total_paid] => isPrice
            [total_paid_tax_incl] => isPrice
            [total_paid_tax_excl] => isPrice
            [total_paid_real] => isPrice
            [total_products] => isPrice
            [total_products_wt] => isPrice
            [total_shipping] => isPrice
            [total_shipping_tax_incl] => isPrice
            [total_shipping_tax_excl] => isPrice
            [carrier_tax_rate] => isFloat
            [total_wrapping] => isPrice
            [total_wrapping_tax_incl] => isPrice
            [total_wrapping_tax_excl] => isPrice
            [shipping_number] => isTrackingNumber
            [conversion_rate] => isFloat
            [date_add] => isDate
            [date_upd] => isDate
        )

    [fieldsRequiredLang:protected] => Array
        (
        )

    [fieldsSizeLang:protected] => Array
        (
        )

    [fieldsValidateLang:protected] => Array
        (
        )

    [tables:protected] => Array
        (
        )

    [image_dir:protected] => 
    [image_format:protected] => jpg
    [def:protected] => Array
        (
            [table] => orders
            [primary] => id_order
            [fields] => Array
                (
                    [id_address_delivery] => Array
                        (
                            [type] => 1
                            [validate] => isUnsignedId
                            [required] => 1
                        )

                    [id_address_invoice] => Array
                        (
                            [type] => 1
                            [validate] => isUnsignedId
                            [required] => 1
                        )

                    [id_cart] => Array
                        (
                            [type] => 1
                            [validate] => isUnsignedId
                            [required] => 1
                        )

                    [id_currency] => Array
                        (
                            [type] => 1
                            [validate] => isUnsignedId
                            [required] => 1
                        )

                    [id_shop_group] => Array
                        (
                            [type] => 1
                            [validate] => isUnsignedId
                        )

                    [id_shop] => Array
                        (
                            [type] => 1
                            [validate] => isUnsignedId
                        )

                    [id_lang] => Array
                        (
                            [type] => 1
                            [validate] => isUnsignedId
                            [required] => 1
                        )

                    [id_customer] => Array
                        (
                            [type] => 1
                            [validate] => isUnsignedId
                            [required] => 1
                        )

                    [id_carrier] => Array
                        (
                            [type] => 1
                            [validate] => isUnsignedId
                            [required] => 1
                        )

                    [current_state] => Array
                        (
                            [type] => 1
                            [validate] => isUnsignedId
                        )

                    [secure_key] => Array
                        (
                            [type] => 3
                            [validate] => isMd5
                        )

                    [payment] => Array
                        (
                            [type] => 3
                            [validate] => isGenericName
                            [required] => 1
                        )

                    [module] => Array
                        (
                            [type] => 3
                            [validate] => isModuleName
                            [required] => 1
                        )

                    [recyclable] => Array
                        (
                            [type] => 2
                            [validate] => isBool
                        )

                    [gift] => Array
                        (
                            [type] => 2
                            [validate] => isBool
                        )

                    [gift_message] => Array
                        (
                            [type] => 3
                            [validate] => isMessage
                        )

                    [mobile_theme] => Array
                        (
                            [type] => 2
                            [validate] => isBool
                        )

                    [total_discounts] => Array
                        (
                            [type] => 4
                            [validate] => isPrice
                        )

                    [total_discounts_tax_incl] => Array
                        (
                            [type] => 4
                            [validate] => isPrice
                        )

                    [total_discounts_tax_excl] => Array
                        (
                            [type] => 4
                            [validate] => isPrice
                        )

                    [total_paid] => Array
                        (
                            [type] => 4
                            [validate] => isPrice
                            [required] => 1
                        )

                    [total_paid_tax_incl] => Array
                        (
                            [type] => 4
                            [validate] => isPrice
                        )

                    [total_paid_tax_excl] => Array
                        (
                            [type] => 4
                            [validate] => isPrice
                        )

                    [total_paid_real] => Array
                        (
                            [type] => 4
                            [validate] => isPrice
                            [required] => 1
                        )

                    [total_products] => Array
                        (
                            [type] => 4
                            [validate] => isPrice
                            [required] => 1
                        )

                    [total_products_wt] => Array
                        (
                            [type] => 4
                            [validate] => isPrice
                            [required] => 1
                        )

                    [total_shipping] => Array
                        (
                            [type] => 4
                            [validate] => isPrice
                        )

                    [total_shipping_tax_incl] => Array
                        (
                            [type] => 4
                            [validate] => isPrice
                        )

                    [total_shipping_tax_excl] => Array
                        (
                            [type] => 4
                            [validate] => isPrice
                        )

                    [carrier_tax_rate] => Array
                        (
                            [type] => 4
                            [validate] => isFloat
                        )

                    [total_wrapping] => Array
                        (
                            [type] => 4
                            [validate] => isPrice
                        )

                    [total_wrapping_tax_incl] => Array
                        (
                            [type] => 4
                            [validate] => isPrice
                        )

                    [total_wrapping_tax_excl] => Array
                        (
                            [type] => 4
                            [validate] => isPrice
                        )

                    [shipping_number] => Array
                        (
                            [type] => 3
                            [validate] => isTrackingNumber
                        )

                    [conversion_rate] => Array
                        (
                            [type] => 4
                            [validate] => isFloat
                            [required] => 1
                        )

                    [invoice_number] => Array
                        (
                            [type] => 1
                        )

                    [delivery_number] => Array
                        (
                            [type] => 1
                        )

                    [invoice_date] => Array
                        (
                            [type] => 5
                        )

                    [delivery_date] => Array
                        (
                            [type] => 5
                        )

                    [valid] => Array
                        (
                            [type] => 2
                        )

                    [reference] => Array
                        (
                            [type] => 3
                        )

                    [date_add] => Array
                        (
                            [type] => 5
                            [validate] => isDate
                        )

                    [date_upd] => Array
                        (
                            [type] => 5
                            [validate] => isDate
                        )

                )

            [classname] => Order
        )

    [update_fields:protected] => 
    [force_id] => 
)
 - 2014-08-08 11:56:47
1 - 2014-08-08 11:56:47
IPN error: cannot load Order object with cart_id "36" - 2014-08-08 11:56:47
 - 2014-08-08 11:59:42
IPN error: cannot load Order object with cart_id "37" - 2014-08-08 11:59:42
IPN error: cannot load Order object with cart_id "38" - 2014-08-08 12:11:23
IPN error: cannot load Order object with cart_id "39" - 2014-08-08 12:26:48
IPN error: cannot load Order object with cart_id "40" - 2014-08-08 12:28:52
IPN error: cannot load Order object with cart_id "41" - 2014-08-08 12:33:02
IPN error: cannot load Order object with cart_id "42" - 2014-08-08 12:35:32
IPN error: cannot load Order object with cart_id "43" - 2014-08-08 12:37:38
IPN error: cannot load Order object with cart_id "CUFZWRCQI" - 2014-08-10 07:48:46
IPN error: cannot load Order object with cart_id "27" - 2014-08-11 02:27:34
IPN error: cannot load Order object with cart_id "44" - 2014-08-11 02:32:09
IPN error: cannot load Order object with cart_id "45" - 2014-08-11 02:52:59
IPN error: cannot load Order object with cart_id "46" - 2014-08-11 03:02:09
IPN error: cannot load Order object with cart_id "47" - 2014-08-11 03:03:22
Bluesnap_Buynow: Invalid response data - 2014-08-11 03:08:02
IPN error: cannot load Order object with cart_id "48" - 2014-08-11 03:09:13
IPN error: cannot load Order object with cart_id "49" - 2014-08-11 03:17:08
Unknown transaction type `CANCELLATION_REFUND`. - 2014-08-11 03:21:09
IPN error: cannot load Order object with cart_id "51" - 2014-08-11 03:31:44
